{"meta": {"version": "6.1.2", "timestamp": "2021-11-18T20:12:02.676215", "branch_coverage": true, "show_contexts": false}, "files": {"bms/__init__.py": {"executed_lines": [1], "summary": {"covered_lines": 0, "num_statements": 0, "percent_covered": 100.0, "percent_covered_display": "100", "missing_lines": 0, "excluded_lines": 0, "num_branches": 0, "num_partial_branches": 0, "covered_branches": 0, "missing_branches": 0}, "missing_lines": [], "excluded_lines": []}, "bms/settings.py": {"executed_lines": [1, 13, 14, 15, 18, 24, 27, 29, 34, 51, 59, 61, 71, 73, 89, 95, 106, 122, 205, 207, 209, 211, 213, 219, 224], "summary": {"covered_lines": 24, "num_statements": 24, "percent_covered": 100.0, "percent_covered_display": "100", "missing_lines": 0, "excluded_lines": 0, "num_branches": 0, "num_partial_branches": 0, "covered_branches": 0, "missing_branches": 0}, "missing_lines": [], "excluded_lines": []}, "bms/urls.py": {"executed_lines": [1, 16, 17, 19], "summary": {"covered_lines": 3, "num_statements": 3, "percent_covered": 100.0, "percent_covered_display": "100", "missing_lines": 0, "excluded_lines": 0, "num_branches": 0, "num_partial_branches": 0, "covered_branches": 0, "missing_branches": 0}, "missing_lines": [], "excluded_lines": []}, "core/__init__.py": {"executed_lines": [1], "summary": {"covered_lines": 0, "num_statements": 0, "percent_covered": 100.0, "percent_covered_display": "100", "missing_lines": 0, "excluded_lines": 0, "num_branches": 0, "num_partial_branches": 0, "covered_branches": 0, "missing_branches": 0}, "missing_lines": [], "excluded_lines": []}, "core/admin.py": {"executed_lines": [1, 2, 3, 5, 6, 7, 9, 10, 11, 13, 14, 15, 17, 18, 19, 21, 22, 23, 25, 28], "summary": {"covered_lines": 20, "num_statements": 22, "percent_covered": 93.75, "percent_covered_display": "94", "missing_lines": 2, "excluded_lines": 0, "num_branches": 10, "num_partial_branches": 0, "covered_branches": 10, "missing_branches": 0}, "missing_lines": [26, 29], "excluded_lines": []}, "core/apps.py": {"executed_lines": [1, 4, 5, 6], "summary": {"covered_lines": 4, "num_statements": 4, "percent_covered": 100.0, "percent_covered_display": "100", "missing_lines": 0, "excluded_lines": 0, "num_branches": 0, "num_partial_branches": 0, "covered_branches": 0, "missing_branches": 0}, "missing_lines": [], "excluded_lines": []}, "core/models.py": {"executed_lines": [1, 2, 3, 5, 6, 7, 8, 9, 10, 11, 12, 13, 15, 16, 17, 19, 26, 27, 28, 29, 30, 31, 32, 33, 35, 36, 37, 39, 40, 41, 42, 43, 44, 45, 46, 47, 48, 50, 51, 52, 54, 55, 56, 57, 58, 59, 60, 62, 63, 64, 66, 67, 68, 69, 70, 71, 72, 73, 74, 76, 77, 78], "summary": {"covered_lines": 62, "num_statements": 62, "percent_covered": 100.0, "percent_covered_display": "100", "missing_lines": 0, "excluded_lines": 0, "num_branches": 0, "num_partial_branches": 0, "covered_branches": 0, "missing_branches": 0}, "missing_lines": [], "excluded_lines": []}, "core/tests/__init__.py": {"executed_lines": [1], "summary": {"covered_lines": 0, "num_statements": 0, "percent_covered": 100.0, "percent_covered_display": "100", "missing_lines": 0, "excluded_lines": 0, "num_branches": 0, "num_partial_branches": 0, "covered_branches": 0, "missing_branches": 0}, "missing_lines": [], "excluded_lines": []}, "core/tests/base.py": {"executed_lines": [1, 3, 4, 7, 8, 9, 20, 21, 23, 33, 34, 36, 46, 47, 49, 59, 60, 62, 72, 73, 75, 87, 88, 90, 102, 103, 105, 114, 115, 118], "summary": {"covered_lines": 30, "num_statements": 31, "percent_covered": 96.7741935483871, "percent_covered_display": "97", "missing_lines": 1, "excluded_lines": 0, "num_branches": 0, "num_partial_branches": 0, "covered_branches": 0, "missing_branches": 0}, "missing_lines": [119], "excluded_lines": []}, "core/tests/test_views.py": {"executed_lines": [1, 2, 5, 6, 8, 10, 11, 12, 13, 15, 17, 18, 20, 21, 23, 25, 27, 28], "summary": {"covered_lines": 18, "num_statements": 18, "percent_covered": 100.0, "percent_covered_display": "100", "missing_lines": 0, "excluded_lines": 0, "num_branches": 4, "num_partial_branches": 0, "covered_branches": 4, "missing_branches": 0}, "missing_lines": [], "excluded_lines": []}, "core/urls.py": {"executed_lines": [1, 2, 4], "summary": {"covered_lines": 3, "num_statements": 3, "percent_covered": 100.0, "percent_covered_display": "100", "missing_lines": 0, "excluded_lines": 0, "num_branches": 0, "num_partial_branches": 0, "covered_branches": 0, "missing_branches": 0}, "missing_lines": [], "excluded_lines": []}, "core/views.py": {"executed_lines": [1, 2, 4, 5, 6, 7, 9, 11, 12, 13, 14, 20, 25, 26, 27, 28, 29, 40, 42, 55, 98, 141, 142, 144], "summary": {"covered_lines": 24, "num_statements": 95, "percent_covered": 25.217391304347824, "percent_covered_display": "25", "missing_lines": 71, "excluded_lines": 0, "num_branches": 20, "num_partial_branches": 1, "covered_branches": 5, "missing_branches": 15}, "missing_lines": [21, 22, 23, 43, 44, 50, 51, 53, 56, 57, 63, 64, 65, 66, 68, 69, 70, 71, 72, 83, 85, 86, 87, 93, 94, 96, 99, 100, 106, 107, 108, 109, 111, 112, 113, 114, 126, 128, 129, 130, 136, 137, 139, 145, 146, 152, 153, 154, 155, 157, 158, 160, 161, 162, 163, 164, 176, 177, 180, 188, 189, 190, 192, 193, 194, 195, 198, 199, 205, 206, 208], "excluded_lines": []}, "manage.py": {"executed_lines": [2, 3, 4, 7, 9, 10, 11, 18, 21, 22], "summary": {"covered_lines": 8, "num_statements": 10, "percent_covered": 80.0, "percent_covered_display": "80", "missing_lines": 2, "excluded_lines": 2, "num_branches": 0, "num_partial_branches": 0, "covered_branches": 0, "missing_branches": 0}, "missing_lines": [12, 13], "excluded_lines": [21, 22]}, "user/__init__.py": {"executed_lines": [1], "summary": {"covered_lines": 0, "num_statements": 0, "percent_covered": 100.0, "percent_covered_display": "100", "missing_lines": 0, "excluded_lines": 0, "num_branches": 0, "num_partial_branches": 0, "covered_branches": 0, "missing_branches": 0}, "missing_lines": [], "excluded_lines": []}, "user/admin.py": {"executed_lines": [1], "summary": {"covered_lines": 1, "num_statements": 1, "percent_covered": 100.0, "percent_covered_display": "100", "missing_lines": 0, "excluded_lines": 0, "num_branches": 0, "num_partial_branches": 0, "covered_branches": 0, "missing_branches": 0}, "missing_lines": [], "excluded_lines": []}, "user/apps.py": {"executed_lines": [1, 4, 5, 6], "summary": {"covered_lines": 4, "num_statements": 4, "percent_covered": 100.0, "percent_covered_display": "100", "missing_lines": 0, "excluded_lines": 0, "num_branches": 0, "num_partial_branches": 0, "covered_branches": 0, "missing_branches": 0}, "missing_lines": [], "excluded_lines": []}, "user/migrations/__init__.py": {"executed_lines": [1], "summary": {"covered_lines": 0, "num_statements": 0, "percent_covered": 100.0, "percent_covered_display": "100", "missing_lines": 0, "excluded_lines": 0, "num_branches": 0, "num_partial_branches": 0, "covered_branches": 0, "missing_branches": 0}, "missing_lines": [], "excluded_lines": []}, "user/models.py": {"executed_lines": [1], "summary": {"covered_lines": 0, "num_statements": 0, "percent_covered": 100.0, "percent_covered_display": "100", "missing_lines": 0, "excluded_lines": 0, "num_branches": 0, "num_partial_branches": 0, "covered_branches": 0, "missing_branches": 0}, "missing_lines": [], "excluded_lines": []}, "user/serializers.py": {"executed_lines": [1, 2, 5, 6, 7, 8, 11, 12, 13, 14, 15, 17], "summary": {"covered_lines": 12, "num_statements": 14, "percent_covered": 85.71428571428571, "percent_covered_display": "86", "missing_lines": 2, "excluded_lines": 0, "num_branches": 0, "num_partial_branches": 0, "covered_branches": 0, "missing_branches": 0}, "missing_lines": [18, 19], "excluded_lines": []}, "user/urls.py": {"executed_lines": [1, 2, 3, 5], "summary": {"covered_lines": 4, "num_statements": 4, "percent_covered": 100.0, "percent_covered_display": "100", "missing_lines": 0, "excluded_lines": 0, "num_branches": 0, "num_partial_branches": 0, "covered_branches": 0, "missing_branches": 0}, "missing_lines": [], "excluded_lines": []}, "user/views.py": {"executed_lines": [1, 2, 3, 4, 5, 6, 7, 8, 10, 14, 15, 17, 28, 29, 31], "summary": {"covered_lines": 15, "num_statements": 24, "percent_covered": 62.5, "percent_covered_display": "62", "missing_lines": 9, "excluded_lines": 0, "num_branches": 0, "num_partial_branches": 0, "covered_branches": 0, "missing_branches": 0}, "missing_lines": [18, 19, 20, 21, 32, 33, 34, 35, 36], "excluded_lines": []}}, "totals": {"covered_lines": 232, "num_statements": 319, "percent_covered": 71.10481586402267, "percent_covered_display": "71", "missing_lines": 87, "excluded_lines": 2, "num_branches": 34, "num_partial_branches": 1, "covered_branches": 19, "missing_branches": 15}}